<?xml version="1.0" encoding="UTF-8"?>
<!-- Generated by org.testng.reporters.JUnitReportReporter -->
<testsuite skipped="0" hostname="DESKTOP-TDGKHGS" name="com.crm.orgTest.OrganizationTest" tests="4" failures="0" timestamp="2022-03-13T14:46:52 IST" time="0.024" errors="0">
  <testcase name="deleteOrgTest" time="0.003" classname="com.crm.orgTest.OrganizationTest"/>
  <system-out/>
  <testcase name="createOrgTest" time="0.016" classname="com.crm.orgTest.OrganizationTest"/>
  <system-out/>
  <testcase name="updateOrgTest" time="0.003" classname="com.crm.orgTest.OrganizationTest"/>
  <system-out/>
  <testcase name="modifyOrgTest" time="0.002" classname="com.crm.orgTest.OrganizationTest"/>
  <system-out/>
</testsuite> <!-- com.crm.orgTest.OrganizationTest -->
